<?xml version="1.0" encoding="UTF-8"?>
<testng-results skipped="0" failed="0" ignored="0" total="1" passed="1">
  <reporter-output>
  </reporter-output>
  <suite name="Default suite" duration-ms="1739" started-at="2018-10-03T14:17:02Z" finished-at="2018-10-03T14:17:04Z">
    <groups>
    </groups>
    <test name="Default test" duration-ms="1739" started-at="2018-10-03T14:17:02Z" finished-at="2018-10-03T14:17:04Z">
      <class name="nl.prowareness.restapiautomation.RestTest">
        <test-method status="PASS" signature="getRequestFindCapital()[pri:0, instance:nl.prowareness.restapiautomation.RestTest@cb5822]" name="getRequestFindCapital" duration-ms="1708" started-at="2018-10-03T14:17:03Z" finished-at="2018-10-03T14:17:04Z">
          <reporter-output>
          </reporter-output>
        </test-method> <!-- getRequestFindCapital -->
      </class> <!-- nl.prowareness.restapiautomation.RestTest -->
    </test> <!-- Default test -->
  </suite> <!-- Default suite -->
</testng-results>
